2024-07-18 16:40:36 - [32minfo[39m - [32mApp is working on port 3000[39m
2024-07-18 16:40:55 - [32minfo[39m - [32mApp is working on port 3000[39m
2024-07-18 16:41:03 - [32minfo[39m - [32mApp is working on port 3000[39m
2024-07-18 16:41:23 - [32minfo[39m - [32mApp is working on port 3000[39m
2024-07-18 16:42:38 - [32minfo[39m - [32mSuccessfully connected to DB![39m
2024-07-18 16:42:38 - [32minfo[39m - [32mApp is working on port 3000[39m
2024-07-18 16:42:45 - [32minfo[39m - [32mSuccessfully connected to DB![39m
2024-07-18 16:42:45 - [32minfo[39m - [32mApp is working on port 3000[39m
2024-07-18 16:42:54 - [32minfo[39m - [32mSuccessfully connected to DB![39m
2024-07-18 16:42:54 - [32minfo[39m - [32mApp is working on port 3000[39m
2024-07-18 16:42:59 - [32minfo[39m - [32mSuccessfully connected to DB![39m
2024-07-18 16:42:59 - [32minfo[39m - [32mApp is working on port 3000[39m
2024-07-18 16:43:36 - [32minfo[39m - [32mConnection unsuccessfull![39m
2024-07-18 16:43:36 - [31merror[39m - [31mError: MongoServerError: bad auth : authentication failed[39m
2024-07-18 16:43:36 - [32minfo[39m - [32mApp is working on port 3000[39m
2024-07-18 16:43:58 - [32minfo[39m - [32mSuccessfully connected to DB![39m
2024-07-18 16:43:58 - [32minfo[39m - [32mApp is working on port 3000[39m
2024-07-18 16:44:07 - [31merror[39m - [31mConnection unsuccessfull![39m
2024-07-18 16:44:07 - [31merror[39m - [31mError: MongoServerError: bad auth : authentication failed[39m
2024-07-18 16:44:07 - [32minfo[39m - [32mApp is working on port 3000[39m
2024-07-18 16:44:23 - [32minfo[39m - [32mSuccessfully connected to DB![39m
2024-07-18 16:44:23 - [32minfo[39m - [32mApp is working on port 3000[39m
2024-07-18 16:46:24 - [31merror[39m - [31mConnection unsuccessfull![39m
2024-07-18 16:46:24 - [31merror[39m - [31mError: MongoServerError: bad auth : authentication failed[39m
2024-07-18 16:46:24 - [32minfo[39m - [32mApp is working on port 3000[39m
2024-07-18 16:46:37 - [32minfo[39m - [32mSuccessfully connected to DB![39m
2024-07-18 16:46:37 - [32minfo[39m - [32mApp is working on port 3000[39m
2024-07-18 16:54:34 - [32minfo[39m - [32mSuccessfully connected to DB![39m
2024-07-18 16:54:34 - [32minfo[39m - [32mApp is working on port 3000[39m
2024-07-18 16:54:56 - [32minfo[39m - [32mSuccessfully connected to DB![39m
2024-07-18 16:54:56 - [32minfo[39m - [32mApp is working on port 3000[39m
2024-07-18 16:54:59 - [32minfo[39m - [32mSuccessfully connected to DB![39m
2024-07-18 16:54:59 - [32minfo[39m - [32mApp is working on port 3000[39m
2024-07-18 16:55:02 - [32minfo[39m - [32mSuccessfully connected to DB![39m
2024-07-18 16:55:02 - [32minfo[39m - [32mApp is working on port 3000[39m
2024-07-18 16:55:05 - [32minfo[39m - [32mSuccessfully connected to DB![39m
2024-07-18 16:55:05 - [32minfo[39m - [32mApp is working on port 3000[39m
2024-07-18 16:55:14 - [31merror[39m - [31mConnection unsuccessfull![39m
2024-07-18 16:55:25 - [32minfo[39m - [32mSuccessfully connected to DB![39m
2024-07-18 16:55:25 - [32minfo[39m - [32mApp is working on port 3000[39m
2024-07-18 17:06:15 - [32minfo[39m - [32mSuccessfully connected to DB![39m
2024-07-18 17:06:15 - [32minfo[39m - [32mApp is working on port 3000[39m
2024-07-18 17:06:56 - [32minfo[39m - [32mSuccessfully connected to DB![39m
2024-07-18 17:06:56 - [32minfo[39m - [32mApp is working on port 3000[39m
2024-07-18 17:06:58 - [35mhttp[39m - [35mGET /api/test 200 12 - 3.694 ms[39m
[35m[39m
2024-07-18 17:07:01 - [35mhttp[39m - [35mGET /api/test 200 12 - 0.323 ms[39m
[35m[39m
2024-07-18 17:07:03 - [35mhttp[39m - [35mGET /api/test 200 12 - 0.218 ms[39m
[35m[39m
2024-07-18 17:19:42 - [32minfo[39m - [32mSuccessfully connected to DB![39m
2024-07-18 17:19:42 - [32minfo[39m - [32mApp is working on port 3000[39m
2024-07-18 17:20:04 - [35mhttp[39m - [35mPOST /api/movie 200 22 - 1.934 ms[39m
[35m[39m
2024-07-18 17:20:09 - [35mhttp[39m - [35mGET /api/movie 404 148 - 1.511 ms[39m
[35m[39m
2024-07-18 17:20:13 - [35mhttp[39m - [35mPOST /api/movie 200 22 - 0.753 ms[39m
[35m[39m
2024-07-18 17:23:04 - [32minfo[39m - [32mSuccessfully connected to DB![39m
2024-07-18 17:23:04 - [32minfo[39m - [32mApp is working on port 3000[39m
2024-07-18 17:23:08 - [32minfo[39m - [32mSuccessfully connected to DB![39m
2024-07-18 17:23:08 - [32minfo[39m - [32mApp is working on port 3000[39m
2024-07-18 17:24:02 - [32minfo[39m - [32mSuccessfully connected to DB![39m
2024-07-18 17:24:02 - [32minfo[39m - [32mApp is working on port 3000[39m
2024-07-18 17:25:28 - [35mhttp[39m - [35mPOST /api/movie 201 155 - 46.106 ms[39m
[35m[39m
2024-07-18 17:44:15 - [32minfo[39m - [32mSuccessfully connected to DB![39m
2024-07-18 17:44:15 - [32minfo[39m - [32mApp is working on port 3000[39m
2024-07-19 08:33:38 - [31merror[39m - [31mConnection unsuccessfull![39m
2024-07-19 08:34:35 - [32minfo[39m - [32mSuccessfully connected to DB![39m
2024-07-19 08:34:35 - [32minfo[39m - [32mApp is working on port 3000[39m
2024-07-19 08:39:31 - [35mhttp[39m - [35mPOST /api/movie 201 149 - 34.230 ms[39m
[35m[39m
2024-07-19 08:53:38 - [35mhttp[39m - [35mPOST /api/movie 201 150 - 25.226 ms[39m
[35m[39m
2024-07-19 08:59:25 - [35mhttp[39m - [35mPOST /api/movie 201 152 - 24.973 ms[39m
[35m[39m
2024-07-19 09:02:03 - [32minfo[39m - [32mSuccessfully connected to DB![39m
2024-07-19 09:02:03 - [32minfo[39m - [32mApp is working on port 3000[39m
2024-07-19 09:02:11 - [32minfo[39m - [32mSuccessfully connected to DB![39m
2024-07-19 09:02:11 - [32minfo[39m - [32mApp is working on port 3000[39m
2024-07-19 09:24:27 - [35mhttp[39m - [35mPOST /api/movie 201 142 - 51.039 ms[39m
[35m[39m
2024-07-19 09:24:33 - [32minfo[39m - [32mSuccessfully connected to DB![39m
2024-07-19 09:24:33 - [32minfo[39m - [32mApp is working on port 3000[39m
2024-07-19 09:24:37 - [35mhttp[39m - [35mPOST /api/movie 422 44 - 4.166 ms[39m
[35m[39m
2024-07-19 09:29:14 - [32minfo[39m - [32mSuccessfully connected to DB![39m
2024-07-19 09:29:14 - [32minfo[39m - [32mApp is working on port 3000[39m
2024-07-19 09:29:16 - [32minfo[39m - [32mSuccessfully connected to DB![39m
2024-07-19 09:29:16 - [32minfo[39m - [32mApp is working on port 3000[39m
2024-07-19 09:29:41 - [35mhttp[39m - [35mPOST /api/movie 422 63 - 4.809 ms[39m
[35m[39m
2024-07-19 09:31:51 - [32minfo[39m - [32mSuccessfully connected to DB![39m
2024-07-19 09:31:51 - [32minfo[39m - [32mApp is working on port 3000[39m
2024-07-19 09:34:42 - [32minfo[39m - [32mSuccessfully connected to DB![39m
2024-07-19 09:34:42 - [32minfo[39m - [32mApp is working on port 3000[39m
2024-07-19 09:49:48 - [32minfo[39m - [32mSuccessfully connected to DB![39m
2024-07-19 09:49:48 - [32minfo[39m - [32mApp is working on port 3000[39m
2024-07-19 09:51:19 - [32minfo[39m - [32mSuccessfully connected to DB![39m
2024-07-19 09:51:19 - [32minfo[39m - [32mApp is working on port 3000[39m
2024-07-19 09:52:02 - [31merror[39m - [31mSystem error: Cast to ObjectId failed for value "1" (type string) at path "_id" for model "Movie"[39m
2024-07-19 09:52:13 - [35mhttp[39m - [35mGET /api/movie/1 - - - - ms[39m
[35m[39m
2024-07-19 09:52:19 - [31merror[39m - [31mSystem error: Cast to ObjectId failed for value "1" (type string) at path "_id" for model "Movie"[39m
2024-07-19 09:52:27 - [35mhttp[39m - [35mGET /api//movie/1 - - - - ms[39m
[35m[39m
2024-07-19 09:53:18 - [35mhttp[39m - [35mGET /api//movie/66997a3802180e1c2a3521db - - - - ms[39m
[35m[39m
2024-07-19 09:53:23 - [31merror[39m - [31mSystem error: Cast to ObjectId failed for value "66997a3802180e1c2a3521db8" (type string) at path "_id" for model "Movie"[39m
2024-07-19 09:53:33 - [35mhttp[39m - [35mGET /api//movie/66997a3802180e1c2a3521db8 - - - - ms[39m
[35m[39m
2024-07-19 09:55:10 - [31merror[39m - [31mSystem error: Cast to ObjectId failed for value "66997a3802180e1c2a3521db8" (type string) at path "_id" for model "Movie"[39m
2024-07-19 09:55:13 - [35mhttp[39m - [35mGET /api//movie/66997a3802180e1c2a3521db8 - - - - ms[39m
[35m[39m
2024-07-19 09:55:55 - [32minfo[39m - [32mSuccessfully connected to DB![39m
2024-07-19 09:55:55 - [32minfo[39m - [32mApp is working on port 3000[39m
2024-07-19 09:55:59 - [31merror[39m - [31mSystem error: Cast to ObjectId failed for value "66997a3802180e1c2a3521db8" (type string) at path "_id" for model "Movie"[39m
2024-07-19 09:56:01 - [35mhttp[39m - [35mGET /api//movie/66997a3802180e1c2a3521db8 - - - - ms[39m
[35m[39m
2024-07-19 09:56:02 - [31merror[39m - [31mSystem error: Cast to ObjectId failed for value "66997a3802180e1c2a3521db8" (type string) at path "_id" for model "Movie"[39m
2024-07-19 09:56:03 - [35mhttp[39m - [35mGET /api//movie/66997a3802180e1c2a3521db8 - - - - ms[39m
[35m[39m
2024-07-19 09:56:23 - [32minfo[39m - [32mSuccessfully connected to DB![39m
2024-07-19 09:56:23 - [32minfo[39m - [32mApp is working on port 3000[39m
2024-07-19 09:56:26 - [32minfo[39m - [32mSuccessfully connected to DB![39m
2024-07-19 09:56:26 - [32minfo[39m - [32mApp is working on port 3000[39m
2024-07-19 09:56:46 - [31merror[39m - [31mSystem error: Cast to ObjectId failed for value "66997a3802180e1c2a3521db8" (type string) at path "_id" for model "Movie"[39m
2024-07-19 09:56:48 - [35mhttp[39m - [35mGET /api//movie/66997a3802180e1c2a3521db8 - - - - ms[39m
[35m[39m
2024-07-19 09:57:15 - [31merror[39m - [31mSystem error: Cast to ObjectId failed for value "66997a3802180e1c2a3521db8" (type string) at path "_id" for model "Movie"[39m
2024-07-19 09:57:17 - [35mhttp[39m - [35mGET /api//movie/66997a3802180e1c2a3521db8 - - - - ms[39m
[35m[39m
2024-07-19 09:58:10 - [31merror[39m - [31mSystem error: Cast to ObjectId failed for value "66997a3802180e1c2a3521db8" (type string) at path "_id" for model "Movie"[39m
2024-07-19 09:58:14 - [35mhttp[39m - [35mGET /api/movie/66997a3802180e1c2a3521db8 - - - - ms[39m
[35m[39m
2024-07-19 09:58:20 - [35mhttp[39m - [35mGET /api/movie/66997a3802180e1c2a3521db - - - - ms[39m
[35m[39m
2024-07-19 09:59:02 - [35mhttp[39m - [35mGET /api/movie/66997a3802180e1c2a3521db - - - - ms[39m
[35m[39m
2024-07-19 10:00:14 - [32minfo[39m - [32mSuccessfully connected to DB![39m
2024-07-19 10:00:14 - [32minfo[39m - [32mApp is working on port 3000[39m
2024-07-19 10:00:23 - [32minfo[39m - [32mSuccessfully connected to DB![39m
2024-07-19 10:00:23 - [32minfo[39m - [32mApp is working on port 3000[39m
2024-07-19 10:01:10 - [32minfo[39m - [32mSuccessfully connected to DB![39m
2024-07-19 10:01:10 - [32minfo[39m - [32mApp is working on port 3000[39m
2024-07-19 10:01:18 - [32minfo[39m - [32mSuccessfully connected to DB![39m
2024-07-19 10:01:18 - [32minfo[39m - [32mApp is working on port 3000[39m
2024-07-19 10:01:26 - [35mhttp[39m - [35mGET /api/movie/66997a3802180e1c2a3521db 200 155 - 41.839 ms[39m
[35m[39m
2024-07-19 10:04:28 - [35mhttp[39m - [35mGET /api/movie/66997a3802180e1c2a3521d9 404 32 - 20.133 ms[39m
[35m[39m
2024-07-19 10:04:43 - [35mhttp[39m - [35mGET /api/movie/66997a3802180e1c2a3521db 200 155 - 16.786 ms[39m
[35m[39m
2024-07-19 10:09:00 - [32minfo[39m - [32mSuccessfully connected to DB![39m
2024-07-19 10:09:00 - [32minfo[39m - [32mApp is working on port 3000[39m
2024-07-19 10:09:03 - [32minfo[39m - [32mSuccessfully connected to DB![39m
2024-07-19 10:09:03 - [32minfo[39m - [32mApp is working on port 3000[39m
2024-07-19 10:09:40 - [32minfo[39m - [32mSuccessfully connected to DB![39m
2024-07-19 10:09:40 - [32minfo[39m - [32mApp is working on port 3000[39m
2024-07-19 10:10:18 - [31merror[39m - [31mSystem error: Cast to ObjectId failed for value "allmovies" (type string) at path "_id" for model "Movie"[39m
2024-07-19 10:10:33 - [35mhttp[39m - [35mGET /api/movie/allmovies - - - - ms[39m
[35m[39m
2024-07-19 10:11:38 - [35mhttp[39m - [35mGET /api/movie 404 148 - 1.535 ms[39m
[35m[39m
2024-07-19 10:11:57 - [32minfo[39m - [32mSuccessfully connected to DB![39m
2024-07-19 10:11:57 - [32minfo[39m - [32mApp is working on port 3000[39m
2024-07-19 10:12:01 - [35mhttp[39m - [35mGET /api/movie 200 754 - 26.186 ms[39m
[35m[39m
2024-07-19 10:15:22 - [32minfo[39m - [32mSuccessfully connected to DB![39m
2024-07-19 10:15:22 - [32minfo[39m - [32mApp is working on port 3000[39m
2024-07-19 10:15:39 - [32minfo[39m - [32mSuccessfully connected to DB![39m
2024-07-19 10:15:39 - [32minfo[39m - [32mApp is working on port 3000[39m
2024-07-19 10:17:55 - [32minfo[39m - [32mSuccessfully connected to DB![39m
2024-07-19 10:17:55 - [32minfo[39m - [32mApp is working on port 3000[39m
2024-07-19 10:18:31 - [32minfo[39m - [32mSuccessfully connected to DB![39m
2024-07-19 10:18:31 - [32minfo[39m - [32mApp is working on port 3000[39m
2024-07-19 10:19:03 - [35mhttp[39m - [35mDELETE /api/movie/66997a3802180e1c2a3521db 404 176 - 3.995 ms[39m
[35m[39m
2024-07-19 10:19:16 - [35mhttp[39m - [35mDELETE /api/movie/66997a3802180e1c2a3521d4 404 176 - 0.958 ms[39m
[35m[39m
2024-07-19 10:20:06 - [32minfo[39m - [32mSuccessfully connected to DB![39m
2024-07-19 10:20:06 - [32minfo[39m - [32mApp is working on port 3000[39m
2024-07-19 10:20:40 - [32minfo[39m - [32mSuccessfully connected to DB![39m
2024-07-19 10:20:40 - [32minfo[39m - [32mApp is working on port 3000[39m
2024-07-19 10:20:48 - [32minfo[39m - [32mSuccessfully connected to DB![39m
2024-07-19 10:20:48 - [32minfo[39m - [32mApp is working on port 3000[39m
2024-07-19 10:20:50 - [35mhttp[39m - [35mDELETE /api/movie/66997a3802180e1c2a3521d4 404 32 - 21.290 ms[39m
[35m[39m
2024-07-19 10:21:00 - [35mhttp[39m - [35mDELETE /api/movie/66997a3802180e1c2a3521db - - - - ms[39m
[35m[39m
2024-07-19 10:39:46 - [32minfo[39m - [32mSuccessfully connected to DB![39m
2024-07-19 10:39:46 - [32minfo[39m - [32mApp is working on port 3000[39m
2024-07-19 10:39:50 - [35mhttp[39m - [35mDELETE /api/movie/66997a3802180e1c2a3521db 200 24 - 63.297 ms[39m
[35m[39m
2024-07-19 10:51:01 - [32minfo[39m - [32mSuccessfully connected to DB![39m
2024-07-19 10:51:01 - [32minfo[39m - [32mApp is working on port 3000[39m
2024-07-19 10:51:47 - [32minfo[39m - [32mSuccessfully connected to DB![39m
2024-07-19 10:51:47 - [32minfo[39m - [32mApp is working on port 3000[39m
2024-07-19 10:52:05 - [35mhttp[39m - [35mPATCH /api/movie/66997a3802180e1c2a3521db 404 32 - 36.673 ms[39m
[35m[39m
2024-07-19 10:52:29 - [35mhttp[39m - [35mPATCH /api/movie/669a5073429aac5d078bcfed - - - - ms[39m
[35m[39m
2024-07-19 10:54:53 - [32minfo[39m - [32mSuccessfully connected to DB![39m
2024-07-19 10:54:53 - [32minfo[39m - [32mApp is working on port 3000[39m
2024-07-19 10:55:01 - [32minfo[39m - [32mSuccessfully connected to DB![39m
2024-07-19 10:55:01 - [32minfo[39m - [32mApp is working on port 3000[39m
2024-07-19 10:59:43 - [35mhttp[39m - [35mPATCH /api/movie/669a5073429aac5d078bcfed 200 284 - 52.616 ms[39m
[35m[39m
2024-07-19 11:00:16 - [35mhttp[39m - [35mPATCH /api/movie/669a5073429aac5d078bcfed 200 283 - 41.506 ms[39m
[35m[39m
2024-07-19 11:01:22 - [32minfo[39m - [32mSuccessfully connected to DB![39m
2024-07-19 11:01:22 - [32minfo[39m - [32mApp is working on port 3000[39m
2024-07-19 11:01:24 - [32minfo[39m - [32mSuccessfully connected to DB![39m
2024-07-19 11:01:24 - [32minfo[39m - [32mApp is working on port 3000[39m
2024-07-19 11:01:28 - [32minfo[39m - [32mSuccessfully connected to DB![39m
2024-07-19 11:01:28 - [32minfo[39m - [32mApp is working on port 3000[39m
